dataset:
  max_video_len: 32
  max_len: 96
  split: test
  video_processor: RWTHFSVideoProcessor
  aligner: DSAligner
  bert_name: bert-base-uncased
  meta_processor: RWTHFSMetaProcessor
  text_processor: TextProcessor
  test_path: data/rwthfs/test.txt
  val_path: data/rwthfs/val.txt
  train_path: data/rwthfs/train.txt
  gesture_id_path: data/rwthfs/gesture_ids.txt
  vfeat_dir: /shares/volk.cl.uzh/zifjia/RWTH_Fingerspelling/i3d_feature
slurm_config: big
task_type: local_predict
fairseq:
  dataset:
    batch_size: 256
    valid_subset: test
    num_workers: 2
  common_eval:
    path: runs/retri/rwthfs_i3d/checkpoint_best.pt
model:
  model_cls: MMFusionSeparate
  mm_encoder_cls: null
  video_encoder_cls: MMBertForEncoder
  text_encoder_cls: BertModel
  num_hidden_video_layers: 6
  vfeat_dim: 1024
eval:
  save_path: runs/retri/rwthfs_i3d/eval
metric: RWTHFSMetric
predictor: RetrievalPredictor

test_len 303
[one example] 20_18_2_cam1
caps [CLS] [SEP] fingerspell the letter r in german sign language. [SEP] [PAD] [PAD] [PAD] [PAD] [PAD] [PAD] [PAD] [PAD] [PAD] [PAD] [PAD] [PAD] [PAD] [PAD] [PAD] [PAD] [PAD] [PAD] [PAD] [PAD] [PAD] [PAD] [PAD] [PAD] [PAD] [PAD] [PAD] [PAD] [PAD] [PAD] [PAD] [PAD] [PAD] [PAD] [PAD] [PAD] [PAD] [PAD] [PAD] [PAD] [PAD] [PAD] [PAD] [PAD] [PAD] [PAD] [PAD] [PAD] [PAD] [PAD]
caps ['[CLS]', '[SEP]', 'fingers', '##pel', '##l', 'the', 'letter', 'r', 'in', 'german', 'sign', 'language', '.', '[SEP]', '[PAD]', '[PAD]', '[PAD]', '[PAD]', '[PAD]', '[PAD]', '[PAD]', '[PAD]', '[PAD]', '[PAD]', '[PAD]', '[PAD]', '[PAD]', '[PAD]', '[PAD]', '[PAD]', '[PAD]', '[PAD]', '[PAD]', '[PAD]', '[PAD]', '[PAD]', '[PAD]', '[PAD]', '[PAD]', '[PAD]', '[PAD]', '[PAD]', '[PAD]', '[PAD]', '[PAD]', '[PAD]', '[PAD]', '[PAD]', '[PAD]', '[PAD]', '[PAD]', '[PAD]', '[PAD]', '[PAD]', '[PAD]', '[PAD]', '[PAD]', '[PAD]', '[PAD]', '[PAD]', '[PAD]', '[PAD]', '[PAD]', '[PAD]']
caps tensor([  101,   102,  3093, 11880,  2140,  1996,  3661,  1054,  1999,  2446,
         3696,  2653,  1012,   102,     0,     0,     0,     0,     0,     0,
            0,     0,     0,     0,     0,     0,     0,     0,     0,     0,
            0,     0,     0,     0,     0,     0,     0,     0,     0,     0,
            0,     0,     0,     0,     0,     0,     0,     0,     0,     0,
            0,     0,     0,     0,     0,     0,     0,     0,     0,     0,
            0,     0,     0,     0])
cmasks tensor([ True,  True,  True,  True,  True,  True,  True,  True,  True,  True,
         True,  True,  True,  True, False, False, False, False, False, False,
        False, False, False, False, False, False, False, False, False, False,
        False, False, False, False, False, False, False, False, False, False,
        False, False, False, False, False, False, False, False, False, False,
        False, False, False, False, False, False, False, False, False, False,
        False, False, False, False])
vfeats tensor([[0.0000, 0.0000, 0.0030,  ..., 0.0000, 0.0047, 0.0000],
        [0.0033, 0.0009, 0.0051,  ..., 0.0000, 0.0113, 0.0000],
        [0.0011, 0.0000, 0.0119,  ..., 0.0000, 0.0000, 0.0401],
        ...,
        [0.0000, 0.0000, 0.0000,  ..., 0.0000, 0.0000, 0.0000],
        [0.0000, 0.0000, 0.0000,  ..., 0.0000, 0.0000, 0.0000],
        [0.0000, 0.0000, 0.0000,  ..., 0.0000, 0.0000, 0.0000]])
vmasks tensor([ True,  True,  True,  True,  True,  True,  True,  True,  True,  True,
         True,  True, False, False, False, False, False, False, False, False,
        False, False, False, False, False, False, False, False, False, False,
        False, False])
[end of one example]
best results:
runs/retri/rwthfs_i3d/checkpoint_best.pt
text to video:
R@1: 0.0858 - R@5: 0.1164 - R@10: 0.5116 - P@1: 0.7429 - P@5: 0.1543 - P@10: 0.4429 - Mean R: 1.4571 - Median R: 1 
('fingerspell the letter a in german sign language.', 'fingerspell the letter a in german sign language.', '10_1_1_cam2')
('fingerspell the letter ae in german sign language.', 'fingerspell the letter ae in german sign language.', '3_27_2_cam1')
('fingerspell the letter b in german sign language.', 'fingerspell the letter b in german sign language.', '13_2_2_cam2')
('fingerspell the letter c in german sign language.', 'fingerspell the letter o in german sign language.', '20_15_2_cam1')
('fingerspell the letter d in german sign language.', 'fingerspell the letter d in german sign language.', '12_4_1_cam2')
('fingerspell the letter e in german sign language.', 'fingerspell the letter e in german sign language.', '14_5_2_cam1')
('fingerspell the letter f in german sign language.', 'fingerspell the letter f in german sign language.', '1_6_2_cam1')
('fingerspell the letter five in german sign language.', 'fingerspell the letter five in german sign language.', '2_35_1_cam2')
('fingerspell the letter four in german sign language.', 'fingerspell the letter four in german sign language.', '7_34_2_cam1')
('fingerspell the letter g in german sign language.', 'fingerspell the letter h in german sign language.', '5_8_1_cam1')
('fingerspell the letter h in german sign language.', 'fingerspell the letter g in german sign language.', '15_7_1_cam1')
('fingerspell the letter i in german sign language.', 'fingerspell the letter i in german sign language.', '6_9_2_cam2')
('fingerspell the letter j in german sign language.', 'fingerspell the letter j in german sign language.', '3_10_1_cam1')
('fingerspell the letter k in german sign language.', 'fingerspell the letter k in german sign language.', '11_11_1_cam1')
('fingerspell the letter l in german sign language.', 'fingerspell the letter k in german sign language.', '2_11_2_cam2')
('fingerspell the letter m in german sign language.', 'fingerspell the letter s in german sign language.', '16_19_2_cam2')
('fingerspell the letter n in german sign language.', 'fingerspell the letter n in german sign language.', '11_14_2_cam1')
('fingerspell the letter o in german sign language.', 'fingerspell the letter o in german sign language.', '9_15_2_cam1')
('fingerspell the letter oe in german sign language.', 'fingerspell the letter oe in german sign language.', '12_28_1_cam2')
('fingerspell the letter one in german sign language.', 'fingerspell the letter one in german sign language.', '8_31_1_cam2')
('fingerspell the letter p in german sign language.', 'fingerspell the letter q in german sign language.', '15_17_2_cam1')
('fingerspell the letter q in german sign language.', 'fingerspell the letter q in german sign language.', '15_17_2_cam1')
('fingerspell the letter r in german sign language.', 'fingerspell the letter p in german sign language.', '14_16_2_cam1')
('fingerspell the letter s in german sign language.', 'fingerspell the letter s in german sign language.', '8_19_2_cam1')
('fingerspell the letter sch in german sign language.', 'fingerspell the letter four in german sign language.', '12_34_1_cam2')
('fingerspell the letter t in german sign language.', 'fingerspell the letter t in german sign language.', '18_20_1_cam1')
('fingerspell the letter three in german sign language.', 'fingerspell the letter two in german sign language.', '17_32_2_cam2')
('fingerspell the letter two in german sign language.', 'fingerspell the letter two in german sign language.', '8_32_1_cam2')
('fingerspell the letter u in german sign language.', 'fingerspell the letter u in german sign language.', '19_21_2_cam1')
('fingerspell the letter ue in german sign language.', 'fingerspell the letter ue in german sign language.', '18_29_1_cam1')
('fingerspell the letter v in german sign language.', 'fingerspell the letter v in german sign language.', '26_22_1_cam1')
('fingerspell the letter w in german sign language.', 'fingerspell the letter w in german sign language.', '15_23_2_cam1')
('fingerspell the letter x in german sign language.', 'fingerspell the letter x in german sign language.', '10_24_1_cam1')
('fingerspell the letter y in german sign language.', 'fingerspell the letter y in german sign language.', '7_25_1_cam1')
('fingerspell the letter z in german sign language.', 'fingerspell the letter z in german sign language.', '3_26_2_cam1')
video to text:
R@1: 0.4653 - R@5: 0.8185 - R@10: 0.9406 - Mean R: 3.3036 - Median R: 2 
('fingerspell the letter a in german sign language.', 'fingerspell the letter a in german sign language.', '10_1_1_cam2')
('fingerspell the letter a in german sign language.', 'fingerspell the letter a in german sign language.', '19_1_1_cam1')
('fingerspell the letter a in german sign language.', 'fingerspell the letter ae in german sign language.', '26_1_1_cam2')
('fingerspell the letter a in german sign language.', 'fingerspell the letter ae in german sign language.', '17_1_1_cam2')
('fingerspell the letter a in german sign language.', 'fingerspell the letter e in german sign language.', '9_1_2_cam2')
('fingerspell the letter a in german sign language.', 'fingerspell the letter e in german sign language.', '8_1_2_cam1')
('fingerspell the letter a in german sign language.', 'fingerspell the letter i in german sign language.', '25_1_1_cam2')
('fingerspell the letter a in german sign language.', 'fingerspell the letter m in german sign language.', '8_1_2_cam2')
('fingerspell the letter a in german sign language.', 'fingerspell the letter n in german sign language.', '1_1_2_cam1')
('fingerspell the letter ae in german sign language.', 'fingerspell the letter ae in german sign language.', '3_27_2_cam1')
('fingerspell the letter ae in german sign language.', 'fingerspell the letter ae in german sign language.', '4_27_2_cam2')
('fingerspell the letter ae in german sign language.', 'fingerspell the letter ae in german sign language.', '3_27_2_cam2')
('fingerspell the letter ae in german sign language.', 'fingerspell the letter ae in german sign language.', '11_27_1_cam2')
('fingerspell the letter ae in german sign language.', 'fingerspell the letter ae in german sign language.', '16_27_2_cam1')
('fingerspell the letter ae in german sign language.', 'fingerspell the letter ae in german sign language.', '19_27_1_cam1')
('fingerspell the letter ae in german sign language.', 'fingerspell the letter ae in german sign language.', '6_27_2_cam2')
('fingerspell the letter b in german sign language.', 'fingerspell the letter b in german sign language.', '16_2_2_cam1')
('fingerspell the letter b in german sign language.', 'fingerspell the letter b in german sign language.', '9_2_2_cam2')
('fingerspell the letter b in german sign language.', 'fingerspell the letter b in german sign language.', '7_2_1_cam1')
('fingerspell the letter b in german sign language.', 'fingerspell the letter b in german sign language.', '13_2_2_cam2')
('fingerspell the letter b in german sign language.', 'fingerspell the letter b in german sign language.', '10_2_2_cam1')
('fingerspell the letter b in german sign language.', 'fingerspell the letter b in german sign language.', '9_2_1_cam2')
('fingerspell the letter b in german sign language.', 'fingerspell the letter e in german sign language.', '17_2_2_cam1')
('fingerspell the letter b in german sign language.', 'fingerspell the letter ue in german sign language.', '19_2_1_cam2')
('fingerspell the letter c in german sign language.', 'fingerspell the letter c in german sign language.', '10_3_1_cam1')
('fingerspell the letter c in german sign language.', 'fingerspell the letter c in german sign language.', '10_3_1_cam2')
('fingerspell the letter c in german sign language.', 'fingerspell the letter c in german sign language.', '3_3_2_cam1')
('fingerspell the letter c in german sign language.', 'fingerspell the letter e in german sign language.', '12_3_1_cam2')
('fingerspell the letter c in german sign language.', 'fingerspell the letter f in german sign language.', '2_3_2_cam1')
('fingerspell the letter c in german sign language.', 'fingerspell the letter m in german sign language.', '18_3_1_cam2')
('fingerspell the letter c in german sign language.', 'fingerspell the letter o in german sign language.', '15_3_1_cam1')
('fingerspell the letter c in german sign language.', 'fingerspell the letter o in german sign language.', '9_3_1_cam2')
('fingerspell the letter c in german sign language.', 'fingerspell the letter one in german sign language.', '4_3_1_cam1')
('fingerspell the letter c in german sign language.', 'fingerspell the letter q in german sign language.', '5_3_2_cam1')
('fingerspell the letter c in german sign language.', 'fingerspell the letter s in german sign language.', '15_3_1_cam2')
('fingerspell the letter c in german sign language.', 'fingerspell the letter u in german sign language.', '14_3_1_cam1')
('fingerspell the letter d in german sign language.', 'fingerspell the letter b in german sign language.', '10_4_1_cam1')
('fingerspell the letter d in german sign language.', 'fingerspell the letter d in german sign language.', '12_4_1_cam2')
('fingerspell the letter d in german sign language.', 'fingerspell the letter i in german sign language.', '25_4_1_cam1')
('fingerspell the letter d in german sign language.', 'fingerspell the letter k in german sign language.', '24_4_1_cam1')
('fingerspell the letter d in german sign language.', 'fingerspell the letter u in german sign language.', '1_4_2_cam1')
('fingerspell the letter d in german sign language.', 'fingerspell the letter w in german sign language.', '17_4_2_cam1')
('fingerspell the letter e in german sign language.', 'fingerspell the letter e in german sign language.', '25_5_1_cam1')
('fingerspell the letter e in german sign language.', 'fingerspell the letter e in german sign language.', '24_5_1_cam2')
('fingerspell the letter e in german sign language.', 'fingerspell the letter e in german sign language.', '7_5_1_cam2')
('fingerspell the letter e in german sign language.', 'fingerspell the letter e in german sign language.', '14_5_2_cam1')
('fingerspell the letter e in german sign language.', 'fingerspell the letter m in german sign language.', '23_5_1_cam1')
('fingerspell the letter e in german sign language.', 'fingerspell the letter m in german sign language.', '15_5_2_cam1')
('fingerspell the letter e in german sign language.', 'fingerspell the letter n in german sign language.', '17_5_2_cam2')
('fingerspell the letter f in german sign language.', 'fingerspell the letter f in german sign language.', '1_6_1_cam1')
('fingerspell the letter f in german sign language.', 'fingerspell the letter f in german sign language.', '19_6_1_cam1')
('fingerspell the letter f in german sign language.', 'fingerspell the letter f in german sign language.', '1_6_2_cam1')
('fingerspell the letter f in german sign language.', 'fingerspell the letter f in german sign language.', '11_6_2_cam2')
('fingerspell the letter f in german sign language.', 'fingerspell the letter q in german sign language.', '20_6_1_cam1')
('fingerspell the letter five in german sign language.', 'fingerspell the letter five in german sign language.', '2_35_1_cam1')
('fingerspell the letter five in german sign language.', 'fingerspell the letter five in german sign language.', '2_35_1_cam2')
('fingerspell the letter five in german sign language.', 'fingerspell the letter five in german sign language.', '7_35_1_cam2')
('fingerspell the letter five in german sign language.', 'fingerspell the letter five in german sign language.', '4_35_2_cam2')
('fingerspell the letter five in german sign language.', 'fingerspell the letter five in german sign language.', '9_35_1_cam2')
('fingerspell the letter five in german sign language.', 'fingerspell the letter five in german sign language.', '1_35_2_cam2')
('fingerspell the letter five in german sign language.', 'fingerspell the letter five in german sign language.', '3_35_2_cam1')
('fingerspell the letter five in german sign language.', 'fingerspell the letter four in german sign language.', '23_35_1_cam2')
('fingerspell the letter five in german sign language.', 'fingerspell the letter four in german sign language.', '20_35_1_cam2')
('fingerspell the letter five in german sign language.', 'fingerspell the letter four in german sign language.', '5_35_1_cam2')
('fingerspell the letter four in german sign language.', 'fingerspell the letter four in german sign language.', '7_34_2_cam1')
('fingerspell the letter four in german sign language.', 'fingerspell the letter four in german sign language.', '1_34_2_cam1')
('fingerspell the letter four in german sign language.', 'fingerspell the letter four in german sign language.', '3_34_2_cam2')
('fingerspell the letter four in german sign language.', 'fingerspell the letter four in german sign language.', '20_34_1_cam2')
('fingerspell the letter four in german sign language.', 'fingerspell the letter four in german sign language.', '13_34_1_cam2')
('fingerspell the letter four in german sign language.', 'fingerspell the letter four in german sign language.', '15_34_2_cam2')
('fingerspell the letter four in german sign language.', 'fingerspell the letter four in german sign language.', '16_34_2_cam2')
('fingerspell the letter four in german sign language.', 'fingerspell the letter sch in german sign language.', '12_34_1_cam2')
('fingerspell the letter four in german sign language.', 'fingerspell the letter v in german sign language.', '13_34_2_cam1')
('fingerspell the letter g in german sign language.', 'fingerspell the letter g in german sign language.', '17_7_2_cam2')
('fingerspell the letter g in german sign language.', 'fingerspell the letter g in german sign language.', '4_7_2_cam1')
('fingerspell the letter g in german sign language.', 'fingerspell the letter h in german sign language.', '15_7_1_cam1')
('fingerspell the letter h in german sign language.', 'fingerspell the letter f in german sign language.', '14_8_1_cam2')
('fingerspell the letter h in german sign language.', 'fingerspell the letter h in german sign language.', '9_8_2_cam1')
('fingerspell the letter h in german sign language.', 'fingerspell the letter h in german sign language.', '1_8_1_cam1')
('fingerspell the letter h in german sign language.', 'fingerspell the letter h in german sign language.', '13_8_2_cam1')
('fingerspell the letter h in german sign language.', 'fingerspell the letter h in german sign language.', '15_8_1_cam2')
('fingerspell the letter h in german sign language.', 'fingerspell the letter h in german sign language.', '16_8_1_cam2')
('fingerspell the letter h in german sign language.', 'fingerspell the letter h in german sign language.', '5_8_1_cam1')
('fingerspell the letter i in german sign language.', 'fingerspell the letter b in german sign language.', '14_9_1_cam1')
('fingerspell the letter i in german sign language.', 'fingerspell the letter e in german sign language.', '17_9_2_cam1')
('fingerspell the letter i in german sign language.', 'fingerspell the letter e in german sign language.', '10_9_2_cam2')
('fingerspell the letter i in german sign language.', 'fingerspell the letter e in german sign language.', '3_9_2_cam2')
('fingerspell the letter i in german sign language.', 'fingerspell the letter i in german sign language.', '16_9_2_cam1')
('fingerspell the letter i in german sign language.', 'fingerspell the letter i in german sign language.', '6_9_2_cam2')
('fingerspell the letter i in german sign language.', 'fingerspell the letter i in german sign language.', '15_9_1_cam1')
('fingerspell the letter i in german sign language.', 'fingerspell the letter m in german sign language.', '11_9_1_cam2')
('fingerspell the letter i in german sign language.', 'fingerspell the letter u in german sign language.', '23_9_1_cam1')
('fingerspell the letter i in german sign language.', 'fingerspell the letter w in german sign language.', '11_9_1_cam1')
('fingerspell the letter j in german sign language.', 'fingerspell the letter e in german sign language.', '17_10_1_cam2')
('fingerspell the letter j in german sign language.', 'fingerspell the letter e in german sign language.', '1_10_2_cam2')
('fingerspell the letter j in german sign language.', 'fingerspell the letter f in german sign language.', '19_10_2_cam1')
('fingerspell the letter j in german sign language.', 'fingerspell the letter i in german sign language.', '3_10_2_cam2')
('fingerspell the letter j in german sign language.', 'fingerspell the letter j in german sign language.', '3_10_1_cam1')
('fingerspell the letter j in german sign language.', 'fingerspell the letter j in german sign language.', '8_10_1_cam1')
('fingerspell the letter j in german sign language.', 'fingerspell the letter j in german sign language.', '17_10_2_cam2')
('fingerspell the letter j in german sign language.', 'fingerspell the letter ue in german sign language.', '9_10_1_cam1')
('fingerspell the letter j in german sign language.', 'fingerspell the letter v in german sign language.', '6_10_1_cam2')
('fingerspell the letter j in german sign language.', 'fingerspell the letter w in german sign language.', '26_10_1_cam1')
('fingerspell the letter j in german sign language.', 'fingerspell the letter w in german sign language.', '1_10_2_cam1')
('fingerspell the letter k in german sign language.', 'fingerspell the letter four in german sign language.', '23_11_1_cam2')
('fingerspell the letter k in german sign language.', 'fingerspell the letter k in german sign language.', '25_11_1_cam1')
('fingerspell the letter k in german sign language.', 'fingerspell the letter k in german sign language.', '15_11_2_cam1')
('fingerspell the letter k in german sign language.', 'fingerspell the letter k in german sign language.', '5_11_2_cam1')
('fingerspell the letter k in german sign language.', 'fingerspell the letter k in german sign language.', '11_11_1_cam1')
('fingerspell the letter k in german sign language.', 'fingerspell the letter k in german sign language.', '11_11_1_cam2')
('fingerspell the letter k in german sign language.', 'fingerspell the letter l in german sign language.', '2_11_2_cam2')
('fingerspell the letter k in german sign language.', 'fingerspell the letter n in german sign language.', '12_11_1_cam2')
('fingerspell the letter k in german sign language.', 'fingerspell the letter q in german sign language.', '3_11_2_cam2')
('fingerspell the letter k in german sign language.', 'fingerspell the letter r in german sign language.', '20_11_2_cam2')
('fingerspell the letter k in german sign language.', 'fingerspell the letter r in german sign language.', '13_11_1_cam2')
('fingerspell the letter k in german sign language.', 'fingerspell the letter r in german sign language.', '12_11_1_cam1')
('fingerspell the letter k in german sign language.', 'fingerspell the letter r in german sign language.', '18_11_2_cam2')
('fingerspell the letter l in german sign language.', 'fingerspell the letter d in german sign language.', '11_12_2_cam2')
('fingerspell the letter l in german sign language.', 'fingerspell the letter d in german sign language.', '18_12_1_cam2')
('fingerspell the letter l in german sign language.', 'fingerspell the letter k in german sign language.', '14_12_2_cam1')
('fingerspell the letter l in german sign language.', 'fingerspell the letter l in german sign language.', '5_12_2_cam2')
('fingerspell the letter l in german sign language.', 'fingerspell the letter one in german sign language.', '12_12_2_cam1')
('fingerspell the letter l in german sign language.', 'fingerspell the letter r in german sign language.', '25_12_1_cam2')
('fingerspell the letter l in german sign language.', 'fingerspell the letter v in german sign language.', '12_12_2_cam2')
('fingerspell the letter m in german sign language.', 'fingerspell the letter e in german sign language.', '12_13_1_cam2')
('fingerspell the letter m in german sign language.', 'fingerspell the letter e in german sign language.', '24_13_1_cam2')
('fingerspell the letter m in german sign language.', 'fingerspell the letter e in german sign language.', '17_13_1_cam2')
('fingerspell the letter m in german sign language.', 'fingerspell the letter m in german sign language.', '1_13_1_cam1')
('fingerspell the letter m in german sign language.', 'fingerspell the letter m in german sign language.', '18_13_2_cam1')
('fingerspell the letter m in german sign language.', 'fingerspell the letter n in german sign language.', '2_13_1_cam1')
('fingerspell the letter n in german sign language.', 'fingerspell the letter ae in german sign language.', '10_14_2_cam2')
('fingerspell the letter n in german sign language.', 'fingerspell the letter e in german sign language.', '7_14_2_cam1')
('fingerspell the letter n in german sign language.', 'fingerspell the letter i in german sign language.', '7_14_1_cam2')
('fingerspell the letter n in german sign language.', 'fingerspell the letter k in german sign language.', '11_14_2_cam2')
('fingerspell the letter n in german sign language.', 'fingerspell the letter m in german sign language.', '7_14_2_cam2')
('fingerspell the letter n in german sign language.', 'fingerspell the letter m in german sign language.', '13_14_2_cam2')
('fingerspell the letter n in german sign language.', 'fingerspell the letter m in german sign language.', '1_14_1_cam1')
('fingerspell the letter n in german sign language.', 'fingerspell the letter n in german sign language.', '11_14_2_cam1')
('fingerspell the letter o in german sign language.', 'fingerspell the letter m in german sign language.', '5_15_2_cam2')
('fingerspell the letter o in german sign language.', 'fingerspell the letter o in german sign language.', '16_15_1_cam2')
('fingerspell the letter o in german sign language.', 'fingerspell the letter o in german sign language.', '1_15_1_cam2')
('fingerspell the letter o in german sign language.', 'fingerspell the letter o in german sign language.', '7_15_2_cam2')
('fingerspell the letter o in german sign language.', 'fingerspell the letter o in german sign language.', '11_15_1_cam1')
('fingerspell the letter o in german sign language.', 'fingerspell the letter o in german sign language.', '19_15_2_cam2')
('fingerspell the letter o in german sign language.', 'fingerspell the letter o in german sign language.', '9_15_2_cam1')
('fingerspell the letter o in german sign language.', 'fingerspell the letter oe in german sign language.', '13_15_1_cam1')
('fingerspell the letter o in german sign language.', 'fingerspell the letter oe in german sign language.', '10_15_1_cam1')
('fingerspell the letter o in german sign language.', 'fingerspell the letter oe in german sign language.', '13_15_2_cam2')
('fingerspell the letter o in german sign language.', 'fingerspell the letter oe in german sign language.', '20_15_2_cam1')
('fingerspell the letter oe in german sign language.', 'fingerspell the letter o in german sign language.', '7_28_2_cam2')
('fingerspell the letter oe in german sign language.', 'fingerspell the letter oe in german sign language.', '12_28_1_cam2')
('fingerspell the letter oe in german sign language.', 'fingerspell the letter oe in german sign language.', '20_28_1_cam1')
('fingerspell the letter oe in german sign language.', 'fingerspell the letter oe in german sign language.', '15_28_1_cam1')
('fingerspell the letter oe in german sign language.', 'fingerspell the letter oe in german sign language.', '14_28_2_cam2')
('fingerspell the letter oe in german sign language.', 'fingerspell the letter oe in german sign language.', '19_28_2_cam1')
('fingerspell the letter oe in german sign language.', 'fingerspell the letter oe in german sign language.', '18_28_2_cam1')
('fingerspell the letter one in german sign language.', 'fingerspell the letter four in german sign language.', '10_31_2_cam1')
('fingerspell the letter one in german sign language.', 'fingerspell the letter one in german sign language.', '8_31_1_cam2')
('fingerspell the letter one in german sign language.', 'fingerspell the letter one in german sign language.', '3_31_1_cam1')
('fingerspell the letter one in german sign language.', 'fingerspell the letter one in german sign language.', '3_31_1_cam2')
('fingerspell the letter one in german sign language.', 'fingerspell the letter one in german sign language.', '7_31_1_cam2')
('fingerspell the letter one in german sign language.', 'fingerspell the letter two in german sign language.', '14_31_2_cam2')
('fingerspell the letter one in german sign language.', 'fingerspell the letter u in german sign language.', '16_31_2_cam2')
('fingerspell the letter one in german sign language.', 'fingerspell the letter ue in german sign language.', '26_31_1_cam2')
('fingerspell the letter p in german sign language.', 'fingerspell the letter g in german sign language.', '20_16_1_cam2')
('fingerspell the letter p in german sign language.', 'fingerspell the letter k in german sign language.', '8_16_1_cam1')
('fingerspell the letter p in german sign language.', 'fingerspell the letter m in german sign language.', '12_16_2_cam2')
('fingerspell the letter p in german sign language.', 'fingerspell the letter p in german sign language.', '13_16_2_cam1')
('fingerspell the letter p in german sign language.', 'fingerspell the letter q in german sign language.', '5_16_2_cam2')
('fingerspell the letter p in german sign language.', 'fingerspell the letter q in german sign language.', '4_16_1_cam1')
('fingerspell the letter p in german sign language.', 'fingerspell the letter q in german sign language.', '17_16_2_cam2')
('fingerspell the letter p in german sign language.', 'fingerspell the letter q in german sign language.', '15_16_2_cam2')
('fingerspell the letter p in german sign language.', 'fingerspell the letter q in german sign language.', '17_16_1_cam2')
('fingerspell the letter p in german sign language.', 'fingerspell the letter r in german sign language.', '14_16_2_cam1')
('fingerspell the letter q in german sign language.', 'fingerspell the letter f in german sign language.', '20_17_1_cam2')
('fingerspell the letter q in german sign language.', 'fingerspell the letter q in german sign language.', '15_17_2_cam1')
('fingerspell the letter q in german sign language.', 'fingerspell the letter q in german sign language.', '5_17_2_cam1')
('fingerspell the letter q in german sign language.', 'fingerspell the letter q in german sign language.', '1_17_2_cam2')
('fingerspell the letter q in german sign language.', 'fingerspell the letter q in german sign language.', '10_17_1_cam2')
('fingerspell the letter q in german sign language.', 'fingerspell the letter q in german sign language.', '11_17_2_cam2')
('fingerspell the letter q in german sign language.', 'fingerspell the letter q in german sign language.', '17_17_2_cam1')
('fingerspell the letter q in german sign language.', 'fingerspell the letter q in german sign language.', '1_17_2_cam1')
('fingerspell the letter r in german sign language.', 'fingerspell the letter k in german sign language.', '19_18_2_cam1')
('fingerspell the letter r in german sign language.', 'fingerspell the letter m in german sign language.', '19_18_2_cam2')
('fingerspell the letter r in german sign language.', 'fingerspell the letter r in german sign language.', '9_18_1_cam2')
('fingerspell the letter r in german sign language.', 'fingerspell the letter r in german sign language.', '1_18_2_cam2')
('fingerspell the letter r in german sign language.', 'fingerspell the letter u in german sign language.', '18_18_2_cam1')
('fingerspell the letter r in german sign language.', 'fingerspell the letter v in german sign language.', '20_18_2_cam1')
('fingerspell the letter s in german sign language.', 'fingerspell the letter m in german sign language.', '8_19_1_cam1')
('fingerspell the letter s in german sign language.', 'fingerspell the letter m in german sign language.', '5_19_1_cam2')
('fingerspell the letter s in german sign language.', 'fingerspell the letter m in german sign language.', '26_19_1_cam1')
('fingerspell the letter s in german sign language.', 'fingerspell the letter m in german sign language.', '10_19_1_cam1')
('fingerspell the letter s in german sign language.', 'fingerspell the letter m in german sign language.', '8_19_2_cam1')
('fingerspell the letter s in german sign language.', 'fingerspell the letter m in german sign language.', '16_19_2_cam2')
('fingerspell the letter s in german sign language.', 'fingerspell the letter m in german sign language.', '13_19_2_cam1')
('fingerspell the letter s in german sign language.', 'fingerspell the letter o in german sign language.', '2_19_2_cam2')
('fingerspell the letter s in german sign language.', 'fingerspell the letter s in german sign language.', '3_19_2_cam2')
('fingerspell the letter sch in german sign language.', 'fingerspell the letter e in german sign language.', '3_30_1_cam2')
('fingerspell the letter sch in german sign language.', 'fingerspell the letter five in german sign language.', '3_30_2_cam2')
('fingerspell the letter sch in german sign language.', 'fingerspell the letter sch in german sign language.', '20_30_1_cam1')
('fingerspell the letter sch in german sign language.', 'fingerspell the letter sch in german sign language.', '19_30_1_cam1')
('fingerspell the letter sch in german sign language.', 'fingerspell the letter sch in german sign language.', '15_30_2_cam2')
('fingerspell the letter sch in german sign language.', 'fingerspell the letter sch in german sign language.', '19_30_1_cam2')
('fingerspell the letter sch in german sign language.', 'fingerspell the letter sch in german sign language.', '12_30_2_cam1')
('fingerspell the letter sch in german sign language.', 'fingerspell the letter w in german sign language.', '9_30_2_cam2')
('fingerspell the letter t in german sign language.', 'fingerspell the letter f in german sign language.', '17_20_1_cam2')
('fingerspell the letter t in german sign language.', 'fingerspell the letter g in german sign language.', '23_20_1_cam1')
('fingerspell the letter t in german sign language.', 'fingerspell the letter h in german sign language.', '10_20_2_cam1')
('fingerspell the letter t in german sign language.', 'fingerspell the letter k in german sign language.', '5_20_2_cam1')
('fingerspell the letter t in german sign language.', 'fingerspell the letter k in german sign language.', '5_20_1_cam1')
('fingerspell the letter t in german sign language.', 'fingerspell the letter k in german sign language.', '20_20_1_cam2')
('fingerspell the letter t in german sign language.', 'fingerspell the letter k in german sign language.', '7_20_1_cam1')
('fingerspell the letter t in german sign language.', 'fingerspell the letter l in german sign language.', '13_20_1_cam2')
('fingerspell the letter t in german sign language.', 'fingerspell the letter p in german sign language.', '14_20_1_cam2')
('fingerspell the letter t in german sign language.', 'fingerspell the letter t in german sign language.', '18_20_1_cam1')
('fingerspell the letter t in german sign language.', 'fingerspell the letter t in german sign language.', '26_20_1_cam2')
('fingerspell the letter t in german sign language.', 'fingerspell the letter t in german sign language.', '2_20_2_cam1')
('fingerspell the letter t in german sign language.', 'fingerspell the letter t in german sign language.', '15_20_2_cam1')
('fingerspell the letter t in german sign language.', 'fingerspell the letter x in german sign language.', '3_20_1_cam1')
('fingerspell the letter t in german sign language.', 'fingerspell the letter x in german sign language.', '4_20_1_cam1')
('fingerspell the letter three in german sign language.', 'fingerspell the letter f in german sign language.', '20_33_1_cam2')
('fingerspell the letter three in german sign language.', 'fingerspell the letter four in german sign language.', '6_33_1_cam2')
('fingerspell the letter three in german sign language.', 'fingerspell the letter h in german sign language.', '15_33_1_cam1')
('fingerspell the letter three in german sign language.', 'fingerspell the letter three in german sign language.', '2_33_1_cam2')
('fingerspell the letter three in german sign language.', 'fingerspell the letter three in german sign language.', '4_33_1_cam2')
('fingerspell the letter three in german sign language.', 'fingerspell the letter three in german sign language.', '14_33_1_cam1')
('fingerspell the letter three in german sign language.', 'fingerspell the letter three in german sign language.', '19_33_1_cam2')
('fingerspell the letter three in german sign language.', 'fingerspell the letter two in german sign language.', '3_33_1_cam1')
('fingerspell the letter two in german sign language.', 'fingerspell the letter four in german sign language.', '11_32_2_cam2')
('fingerspell the letter two in german sign language.', 'fingerspell the letter three in german sign language.', '17_32_2_cam2')
('fingerspell the letter two in german sign language.', 'fingerspell the letter two in german sign language.', '8_32_1_cam2')
('fingerspell the letter two in german sign language.', 'fingerspell the letter two in german sign language.', '14_32_2_cam1')
('fingerspell the letter two in german sign language.', 'fingerspell the letter two in german sign language.', '2_32_1_cam2')
('fingerspell the letter two in german sign language.', 'fingerspell the letter two in german sign language.', '20_32_2_cam1')
('fingerspell the letter two in german sign language.', 'fingerspell the letter two in german sign language.', '9_32_1_cam1')
('fingerspell the letter two in german sign language.', 'fingerspell the letter v in german sign language.', '5_32_2_cam1')
('fingerspell the letter u in german sign language.', 'fingerspell the letter k in german sign language.', '26_21_1_cam1')
('fingerspell the letter u in german sign language.', 'fingerspell the letter k in german sign language.', '19_21_2_cam1')
('fingerspell the letter u in german sign language.', 'fingerspell the letter k in german sign language.', '6_21_1_cam1')
('fingerspell the letter u in german sign language.', 'fingerspell the letter r in german sign language.', '10_21_2_cam1')
('fingerspell the letter u in german sign language.', 'fingerspell the letter ue in german sign language.', '26_21_1_cam2')
('fingerspell the letter u in german sign language.', 'fingerspell the letter v in german sign language.', '23_21_1_cam1')
('fingerspell the letter ue in german sign language.', 'fingerspell the letter j in german sign language.', '12_29_2_cam1')
('fingerspell the letter ue in german sign language.', 'fingerspell the letter ue in german sign language.', '18_29_1_cam1')
('fingerspell the letter ue in german sign language.', 'fingerspell the letter ue in german sign language.', '9_29_1_cam1')
('fingerspell the letter ue in german sign language.', 'fingerspell the letter ue in german sign language.', '20_29_2_cam1')
('fingerspell the letter ue in german sign language.', 'fingerspell the letter ue in german sign language.', '16_29_1_cam1')
('fingerspell the letter ue in german sign language.', 'fingerspell the letter ue in german sign language.', '10_29_1_cam2')
('fingerspell the letter v in german sign language.', 'fingerspell the letter u in german sign language.', '2_22_1_cam2')
('fingerspell the letter v in german sign language.', 'fingerspell the letter v in german sign language.', '10_22_2_cam1')
('fingerspell the letter v in german sign language.', 'fingerspell the letter v in german sign language.', '14_22_2_cam1')
('fingerspell the letter v in german sign language.', 'fingerspell the letter v in german sign language.', '26_22_1_cam1')
('fingerspell the letter v in german sign language.', 'fingerspell the letter v in german sign language.', '9_22_1_cam1')
('fingerspell the letter v in german sign language.', 'fingerspell the letter v in german sign language.', '19_22_2_cam2')
('fingerspell the letter v in german sign language.', 'fingerspell the letter v in german sign language.', '15_22_2_cam1')
('fingerspell the letter v in german sign language.', 'fingerspell the letter v in german sign language.', '20_22_2_cam1')
('fingerspell the letter v in german sign language.', 'fingerspell the letter w in german sign language.', '2_22_2_cam2')
('fingerspell the letter w in german sign language.', 'fingerspell the letter b in german sign language.', '7_23_1_cam2')
('fingerspell the letter w in german sign language.', 'fingerspell the letter four in german sign language.', '23_23_1_cam2')
('fingerspell the letter w in german sign language.', 'fingerspell the letter k in german sign language.', '9_23_2_cam1')
('fingerspell the letter w in german sign language.', 'fingerspell the letter sch in german sign language.', '6_23_2_cam2')
('fingerspell the letter w in german sign language.', 'fingerspell the letter u in german sign language.', '7_23_1_cam1')
('fingerspell the letter w in german sign language.', 'fingerspell the letter w in german sign language.', '15_23_2_cam1')
('fingerspell the letter w in german sign language.', 'fingerspell the letter w in german sign language.', '10_23_1_cam2')
('fingerspell the letter w in german sign language.', 'fingerspell the letter w in german sign language.', '6_23_2_cam1')
('fingerspell the letter w in german sign language.', 'fingerspell the letter w in german sign language.', '20_23_1_cam2')
('fingerspell the letter x in german sign language.', 'fingerspell the letter g in german sign language.', '4_24_2_cam2')
('fingerspell the letter x in german sign language.', 'fingerspell the letter n in german sign language.', '19_24_1_cam2')
('fingerspell the letter x in german sign language.', 'fingerspell the letter n in german sign language.', '6_24_1_cam1')
('fingerspell the letter x in german sign language.', 'fingerspell the letter s in german sign language.', '26_24_1_cam2')
('fingerspell the letter x in german sign language.', 'fingerspell the letter x in german sign language.', '4_24_2_cam1')
('fingerspell the letter x in german sign language.', 'fingerspell the letter x in german sign language.', '13_24_1_cam1')
('fingerspell the letter x in german sign language.', 'fingerspell the letter x in german sign language.', '6_24_2_cam2')
('fingerspell the letter x in german sign language.', 'fingerspell the letter x in german sign language.', '8_24_2_cam1')
('fingerspell the letter x in german sign language.', 'fingerspell the letter x in german sign language.', '10_24_1_cam2')
('fingerspell the letter x in german sign language.', 'fingerspell the letter x in german sign language.', '10_24_1_cam1')
('fingerspell the letter x in german sign language.', 'fingerspell the letter z in german sign language.', '16_24_1_cam2')
('fingerspell the letter y in german sign language.', 'fingerspell the letter f in german sign language.', '14_25_1_cam2')
('fingerspell the letter y in german sign language.', 'fingerspell the letter i in german sign language.', '17_25_1_cam1')
('fingerspell the letter y in german sign language.', 'fingerspell the letter i in german sign language.', '10_25_2_cam1')
('fingerspell the letter y in german sign language.', 'fingerspell the letter i in german sign language.', '3_25_1_cam1')
('fingerspell the letter y in german sign language.', 'fingerspell the letter i in german sign language.', '5_25_2_cam1')
('fingerspell the letter y in german sign language.', 'fingerspell the letter m in german sign language.', '2_25_2_cam2')
('fingerspell the letter y in german sign language.', 'fingerspell the letter n in german sign language.', '14_25_2_cam2')
('fingerspell the letter y in german sign language.', 'fingerspell the letter sch in german sign language.', '8_25_2_cam2')
('fingerspell the letter y in german sign language.', 'fingerspell the letter sch in german sign language.', '13_25_1_cam2')
('fingerspell the letter y in german sign language.', 'fingerspell the letter sch in german sign language.', '23_25_1_cam1')
('fingerspell the letter y in german sign language.', 'fingerspell the letter y in german sign language.', '7_25_1_cam1')
('fingerspell the letter y in german sign language.', 'fingerspell the letter y in german sign language.', '19_25_2_cam1')
('fingerspell the letter y in german sign language.', 'fingerspell the letter y in german sign language.', '2_25_1_cam2')
('fingerspell the letter z in german sign language.', 'fingerspell the letter k in german sign language.', '11_26_1_cam2')
('fingerspell the letter z in german sign language.', 'fingerspell the letter p in german sign language.', '9_26_1_cam2')
('fingerspell the letter z in german sign language.', 'fingerspell the letter q in german sign language.', '20_26_2_cam2')
('fingerspell the letter z in german sign language.', 'fingerspell the letter two in german sign language.', '12_26_2_cam2')
('fingerspell the letter z in german sign language.', 'fingerspell the letter two in german sign language.', '13_26_1_cam2')
('fingerspell the letter z in german sign language.', 'fingerspell the letter ue in german sign language.', '2_26_2_cam1')
('fingerspell the letter z in german sign language.', 'fingerspell the letter z in german sign language.', '26_26_1_cam2')
('fingerspell the letter z in german sign language.', 'fingerspell the letter z in german sign language.', '7_26_2_cam2')
('fingerspell the letter z in german sign language.', 'fingerspell the letter z in german sign language.', '18_26_2_cam1')
('fingerspell the letter z in german sign language.', 'fingerspell the letter z in german sign language.', '3_26_2_cam1')
('fingerspell the letter z in german sign language.', 'fingerspell the letter z in german sign language.', '11_26_2_cam1')
('fingerspell the letter z in german sign language.', 'fingerspell the letter z in german sign language.', '10_26_1_cam2')
('fingerspell the letter z in german sign language.', 'fingerspell the letter z in german sign language.', '17_26_1_cam1')
[JobLauncher] job_key local
launching python mmpt_cli/predict.py projects/retri/videoclip/test_rwthfs_scratch_i3d.yaml
